<?xml version="1.0" encoding="UTF-8"?>
<testng-results skipped="0" failed="0" ignored="0" total="1" passed="1">
  <reporter-output>
  </reporter-output>
  <suite name="Suite" duration-ms="17680" started-at="2020-10-12T19:00:48Z" finished-at="2020-10-12T19:01:06Z">
    <groups>
      <group name="cucumber">
        <method signature="AbstractTestNGCucumberTests.feature(cucumber.api.testng.CucumberFeatureWrapper)[pri:0, instance:com.TestRunPage.Runtest@157632c9]" name="feature" class="cucumber.api.testng.AbstractTestNGCucumberTests"/>
      </group> <!-- cucumber -->
    </groups>
    <test name="Test" duration-ms="17680" started-at="2020-10-12T19:00:48Z" finished-at="2020-10-12T19:01:06Z">
      <class name="com.TestRunPage.Runtest">
        <test-method status="PASS" signature="setUp()[pri:0, instance:com.TestRunPage.Runtest@157632c9]" name="setUp" is-config="true" duration-ms="7538" started-at="2020-10-12T19:00:48Z" finished-at="2020-10-12T19:00:56Z">
          <reporter-output>
          </reporter-output>
        </test-method> <!-- setUp -->
        <test-method status="PASS" signature="setUpClass()[pri:0, instance:com.TestRunPage.Runtest@157632c9]" name="setUpClass" is-config="true" duration-ms="275" started-at="2020-10-12T19:00:56Z" finished-at="2020-10-12T19:00:56Z">
          <reporter-output>
          </reporter-output>
        </test-method> <!-- setUpClass -->
        <test-method status="PASS" signature="feature(cucumber.api.testng.CucumberFeatureWrapper)[pri:0, instance:com.TestRunPage.Runtest@157632c9]" name="feature" duration-ms="9691" started-at="2020-10-12T19:00:56Z" description="Runs Cucumber Feature" data-provider="features" finished-at="2020-10-12T19:01:06Z">
          <params>
            <param index="0">
              <value>
                <![CDATA[Search Functionality]]>
              </value>
            </param>
          </params>
          <reporter-output>
          </reporter-output>
        </test-method> <!-- feature -->
        <test-method status="PASS" signature="tearDownClass()[pri:0, instance:com.TestRunPage.Runtest@157632c9]" name="tearDownClass" is-config="true" duration-ms="14" started-at="2020-10-12T19:01:06Z" finished-at="2020-10-12T19:01:06Z">
          <reporter-output>
          </reporter-output>
        </test-method> <!-- tearDownClass -->
        <test-method status="PASS" signature="tearDown()[pri:0, instance:com.TestRunPage.Runtest@157632c9]" name="tearDown" is-config="true" duration-ms="1" started-at="2020-10-12T19:01:06Z" finished-at="2020-10-12T19:01:06Z">
          <reporter-output>
          </reporter-output>
        </test-method> <!-- tearDown -->
      </class> <!-- com.TestRunPage.Runtest -->
    </test> <!-- Test -->
  </suite> <!-- Suite -->
</testng-results>
