<?xml version="1.0" encoding="UTF-8"?>
<testng-results skipped="0" failed="0" ignored="0" total="1" passed="1">
  <reporter-output>
  </reporter-output>
  <suite name="Default suite" duration-ms="14269" started-at="2020-10-12T07:31:10Z" finished-at="2020-10-12T07:31:24Z">
    <groups>
      <group name="cucumber">
        <method signature="AbstractTestNGCucumberTests.feature(cucumber.api.testng.CucumberFeatureWrapper)[pri:0, instance:com.TestRunPage.Runtest@402e37bc]" name="feature" class="cucumber.api.testng.AbstractTestNGCucumberTests"/>
      </group> <!-- cucumber -->
    </groups>
    <test name="Default test" duration-ms="14269" started-at="2020-10-12T07:31:10Z" finished-at="2020-10-12T07:31:24Z">
      <class name="com.TestRunPage.Runtest">
        <test-method status="PASS" signature="setUp()[pri:0, instance:com.TestRunPage.Runtest@402e37bc]" name="setUp" is-config="true" duration-ms="4754" started-at="2020-10-12T07:31:10Z" finished-at="2020-10-12T07:31:14Z">
          <reporter-output>
          </reporter-output>
        </test-method> <!-- setUp -->
        <test-method status="PASS" signature="setUpClass()[pri:0, instance:com.TestRunPage.Runtest@402e37bc]" name="setUpClass" is-config="true" duration-ms="266" started-at="2020-10-12T07:31:14Z" finished-at="2020-10-12T07:31:15Z">
          <reporter-output>
          </reporter-output>
        </test-method> <!-- setUpClass -->
        <test-method status="PASS" signature="feature(cucumber.api.testng.CucumberFeatureWrapper)[pri:0, instance:com.TestRunPage.Runtest@402e37bc]" name="feature" duration-ms="9051" started-at="2020-10-12T07:31:15Z" description="Runs Cucumber Feature" data-provider="features" finished-at="2020-10-12T07:31:24Z">
          <params>
            <param index="0">
              <value>
                <![CDATA[Search Functionality]]>
              </value>
            </param>
          </params>
          <reporter-output>
          </reporter-output>
        </test-method> <!-- feature -->
        <test-method status="PASS" signature="tearDownClass()[pri:0, instance:com.TestRunPage.Runtest@402e37bc]" name="tearDownClass" is-config="true" duration-ms="11" started-at="2020-10-12T07:31:24Z" finished-at="2020-10-12T07:31:24Z">
          <reporter-output>
          </reporter-output>
        </test-method> <!-- tearDownClass -->
        <test-method status="PASS" signature="tearDown()[pri:0, instance:com.TestRunPage.Runtest@402e37bc]" name="tearDown" is-config="true" duration-ms="1" started-at="2020-10-12T07:31:24Z" finished-at="2020-10-12T07:31:24Z">
          <reporter-output>
          </reporter-output>
        </test-method> <!-- tearDown -->
      </class> <!-- com.TestRunPage.Runtest -->
    </test> <!-- Default test -->
  </suite> <!-- Default suite -->
</testng-results>
